<?xml version="1.0" encoding="UTF-8"?>
<testng-results skipped="0" failed="0" ignored="0" total="1" passed="1">
  <reporter-output>
  </reporter-output>
  <suite name="Suite" duration-ms="60186" started-at="2020-04-15T07:31:33Z" finished-at="2020-04-15T07:32:33Z">
    <groups>
    </groups>
    <test name="Test" duration-ms="60186" started-at="2020-04-15T07:31:33Z" finished-at="2020-04-15T07:32:33Z">
      <class name="com.bmw.Login">
        <test-method status="PASS" signature="initdriver()[pri:0, instance:com.bmw.Login@4566e5bd]" name="initdriver" is-config="true" duration-ms="33927" started-at="2020-04-15T07:31:33Z" finished-at="2020-04-15T07:32:07Z">
          <reporter-output>
          </reporter-output>
        </test-method> <!-- initdriver -->
        <test-method status="PASS" signature="bmw()[pri:0, instance:com.bmw.Login@4566e5bd]" name="bmw" duration-ms="25222" started-at="2020-04-15T07:32:07Z" finished-at="2020-04-15T07:32:32Z">
          <reporter-output>
          </reporter-output>
        </test-method> <!-- bmw -->
        <test-method status="PASS" signature="aftertest()[pri:0, instance:com.bmw.Login@4566e5bd]" name="aftertest" is-config="true" duration-ms="869" started-at="2020-04-15T07:32:32Z" finished-at="2020-04-15T07:32:33Z">
          <reporter-output>
          </reporter-output>
        </test-method> <!-- aftertest -->
      </class> <!-- com.bmw.Login -->
    </test> <!-- Test -->
  </suite> <!-- Suite -->
</testng-results>
