<?xml version="1.0" encoding="UTF-8"?>
<!-- Generated by org.testng.reporters.JUnitXMLReporter -->
<testsuite hostname="LAPTOP-DVJDDLRA" ignored="0" name="chrome-test" tests="17" failures="0" timestamp="07 Apr 2020 03:47:53 GMT" time="294.555" errors="0">
  <testcase name="login" time="7.173" classname="com.cts.tests.TestLoginPage"/>
  <testcase name="login" time="5.925" classname="com.cts.tests.TestLoginPage"/>
  <testcase name="login" time="3.076" classname="com.cts.tests.TestAdminJobCategories"/>
  <testcase name="login" time="5.48" classname="com.cts.tests.TestAdminJobCategories"/>
  <testcase name="testadmin" time="8.998" classname="com.cts.tests.TestAdminJobCategories"/>
  <testcase name="login" time="2.97" classname="com.cts.tests.TestLeavesPage"/>
  <testcase name="login" time="3.224" classname="com.cts.tests.TestLeavesPage"/>
  <testcase name="testleaves" time="14.374" classname="com.cts.tests.TestLeavesPage"/>
  <testcase name="login" time="2.874" classname="com.cts.tests.TestMaintenancePage"/>
  <testcase name="login" time="3.757" classname="com.cts.tests.TestMaintenancePage"/>
  <testcase name="testmaintenance" time="10.246" classname="com.cts.tests.TestMaintenancePage"/>
  <testcase name="login" time="2.861" classname="com.cts.tests.TestDashboard"/>
  <testcase name="login" time="5.231" classname="com.cts.tests.TestDashboard"/>
  <testcase name="testleaves" time="7.637" classname="com.cts.tests.TestDashboard"/>
  <testcase name="login" time="2.75" classname="com.cts.tests.TestLogoutpage"/>
  <testcase name="login" time="6.995" classname="com.cts.tests.TestLogoutpage"/>
  <testcase name="testlogout" time="7.852" classname="com.cts.tests.TestLogoutpage"/>
</testsuite> <!-- chrome-test -->
