<?xml version="1.0" encoding="UTF-8"?>
<!-- Generated by org.testng.reporters.JUnitXMLReporter -->
<testsuite hostname="LAPTOP-DVJDDLRA" ignored="0" name="chrome-test" tests="1" failures="1" timestamp="30 Mar 2020 12:30:44 GMT" time="0.571" errors="0">
  <testcase name="test" time="0.0" classname="com.cts.demoappt.TestDemoAUT">
    <failure type="org.testng.TestNGException" message="
Data Provider public static java.lang.Object[][] com.cts.demoappt.Basepage.authenticate() returned a null value">
      <![CDATA[org.testng.TestNGException: 
Data Provider public static java.lang.Object[][] com.cts.demoappt.Basepage.authenticate() returned a null value
... Removed 22 stack frames]]>
    </failure>
  </testcase> <!-- test -->
</testsuite> <!-- chrome-test -->
